Drill report for /home/birajr/Development/github/birduino/birduino-kicad/birduino-kicad.kicad_pcb
Created on Sat 13 Apr 2019 07:03:37 PM CEST

Copper Layer Stackup:
    =============================================================
    L1 :  F.Cu                      front
    L2 :  B.Cu                      back


Drill file 'birduino-kicad-PTH.drl' contains
    plated through holes:
    =============================================================
    T1  0.40mm  0.016"  (5 holes)
    T2  0.70mm  0.028"  (18 holes)
    T3  0.75mm  0.030"  (12 holes)
    T4  0.80mm  0.031"  (48 holes)
    T5  0.81mm  0.032"  (16 holes)
    T6  1.00mm  0.039"  (33 holes)
    T7  1.10mm  0.043"  (2 holes)
    T8  2.20mm  0.087"  (4 holes)

    Total plated holes count 138


Drill file 'birduino-kicad-NPTH.drl' contains
    unplated through holes:
    =============================================================

    Total unplated holes count 0
